mode: set
/home/claas/Code/golang_producer_consumer/main.go:19.56,24.2 4 1
/home/claas/Code/golang_producer_consumer/main.go:27.44,29.30 2 1
/home/claas/Code/golang_producer_consumer/main.go:36.2,37.15 2 1
/home/claas/Code/golang_producer_consumer/main.go:29.30,32.3 2 1
/home/claas/Code/golang_producer_consumer/main.go:32.8,35.3 2 1
/home/claas/Code/golang_producer_consumer/main.go:39.49,40.30 1 1
/home/claas/Code/golang_producer_consumer/main.go:43.2,43.10 1 1
/home/claas/Code/golang_producer_consumer/main.go:40.30,42.3 1 1
/home/claas/Code/golang_producer_consumer/main.go:45.13,51.30 5 0
/home/claas/Code/golang_producer_consumer/main.go:55.2,55.30 1 0
/home/claas/Code/golang_producer_consumer/main.go:60.2,60.24 1 0
/home/claas/Code/golang_producer_consumer/main.go:62.2,62.52 1 0
/home/claas/Code/golang_producer_consumer/main.go:51.30,53.3 1 0
/home/claas/Code/golang_producer_consumer/main.go:55.30,57.3 1 0
/home/claas/Code/golang_producer_consumer/main.go:60.25,61.3 0 0
/home/claas/Code/golang_producer_consumer/mockstream.go:17.29,19.2 1 1
/home/claas/Code/golang_producer_consumer/mockstream.go:32.41,36.28 2 1
/home/claas/Code/golang_producer_consumer/mockstream.go:40.2,43.20 3 1
/home/claas/Code/golang_producer_consumer/mockstream.go:36.28,38.3 1 1
/home/claas/Code/golang_producer_consumer/mockstream.go:53.41,61.2 4 1
